<?xml version="1.0" encoding="UTF-8"?>
<testng-results ignored="0" total="6" passed="6" failed="0" skipped="0">
  <reporter-output>
  </reporter-output>
  <suite started-at="2025-08-21T10:10:14 CEST" name="AllTestsSuite" finished-at="2025-08-21T10:11:45 CEST" duration-ms="90483">
    <groups>
    </groups>
    <test started-at="2025-08-21T10:10:14 CEST" name="My First Selenium TestNG Test" finished-at="2025-08-21T10:11:45 CEST" duration-ms="90483">
      <class name="FirstAutomationTest">
        <test-method is-config="true" signature="setupTest()[pri:0, instance:FirstAutomationTest@74235045]" started-at="2025-08-21T10:10:15 CEST" name="setupTest" finished-at="2025-08-21T10:10:18 CEST" duration-ms="3756" status="PASS">
          <reporter-output>
          </reporter-output>
        </test-method> <!-- setupTest -->
        <test-method signature="googleSearchTest()[pri:1, instance:FirstAutomationTest@74235045]" started-at="2025-08-21T10:10:18 CEST" name="googleSearchTest" finished-at="2025-08-21T10:10:44 CEST" duration-ms="25551" status="PASS">
          <reporter-output>
          </reporter-output>
        </test-method> <!-- googleSearchTest -->
        <test-method signature="SiteLoadTest()[pri:2, instance:FirstAutomationTest@74235045]" started-at="2025-08-21T10:10:44 CEST" name="SiteLoadTest" finished-at="2025-08-21T10:10:54 CEST" duration-ms="9736" status="PASS">
          <reporter-output>
          </reporter-output>
        </test-method> <!-- SiteLoadTest -->
        <test-method signature="SearchPlayerAccountTest()[pri:3, instance:FirstAutomationTest@74235045]" started-at="2025-08-21T10:10:54 CEST" name="SearchPlayerAccountTest" finished-at="2025-08-21T10:11:06 CEST" duration-ms="12338" status="PASS">
          <reporter-output>
          </reporter-output>
        </test-method> <!-- SearchPlayerAccountTest -->
        <test-method signature="LoadBuildsTabTest()[pri:4, instance:FirstAutomationTest@74235045]" started-at="2025-08-21T10:11:06 CEST" name="LoadBuildsTabTest" finished-at="2025-08-21T10:11:09 CEST" duration-ms="3138" status="PASS">
          <reporter-output>
          </reporter-output>
        </test-method> <!-- LoadBuildsTabTest -->
        <test-method signature="ImageSourceTest()[pri:5, instance:FirstAutomationTest@74235045]" started-at="2025-08-21T10:11:09 CEST" name="ImageSourceTest" finished-at="2025-08-21T10:11:12 CEST" duration-ms="3031" status="PASS">
          <reporter-output>
          </reporter-output>
        </test-method> <!-- ImageSourceTest -->
        <test-method signature="WrongSteamCredentialsLoginTest()[pri:6, instance:FirstAutomationTest@74235045]" started-at="2025-08-21T10:11:12 CEST" name="WrongSteamCredentialsLoginTest" finished-at="2025-08-21T10:11:45 CEST" duration-ms="32510" status="PASS">
          <reporter-output>
          </reporter-output>
        </test-method> <!-- WrongSteamCredentialsLoginTest -->
        <test-method is-config="true" signature="teardownTest()[pri:0, instance:FirstAutomationTest@74235045]" started-at="2025-08-21T10:11:45 CEST" name="teardownTest" finished-at="2025-08-21T10:11:45 CEST" duration-ms="378" status="PASS">
          <reporter-output>
          </reporter-output>
        </test-method> <!-- teardownTest -->
      </class> <!-- FirstAutomationTest -->
    </test> <!-- My First Selenium TestNG Test -->
  </suite> <!-- AllTestsSuite -->
</testng-results>
