<?xml version="1.0" encoding="UTF-8"?>
<testsuite xmlns:xsi="http://www.w3.org/2001/XMLSchema-instance" xsi:noNamespaceSchemaLocation="https://maven.apache.org/surefire/maven-surefire-plugin/xsd/surefire-test-report.xsd" name="TestSuite" time="91.352" tests="6" errors="0" skipped="0" failures="0">
  <properties>
[...]
</properties>
  <testcase name="googleSearchTest" classname="FirstAutomationTest" time="25.553"/>
  <testcase name="SiteLoadTest" classname="FirstAutomationTest" time="9.736"/>
  <testcase name="SearchPlayerAccountTest" classname="FirstAutomationTest" time="12.338"/>
  <testcase name="LoadBuildsTabTest" classname="FirstAutomationTest" time="3.139"/>
  <testcase name="ImageSourceTest" classname="FirstAutomationTest" time="3.03"/>
  <testcase name="WrongSteamCredentialsLoginTest" classname="FirstAutomationTest" time="32.51"/>
</testsuite>