<?xml version="1.0" encoding="UTF-8"?>
<!-- Generated by org.testng.reporters.JUnitXMLReporter -->
<testsuite ignored="0" hostname="DESKTOP-QLTBEKU" failures="0" tests="6" name="My First Selenium TestNG Test" time="90.483" errors="0" timestamp="2025-08-21T10:11:45 CEST">
  <testcase classname="FirstAutomationTest" name="googleSearchTest" time="25.551"/>
  <testcase classname="FirstAutomationTest" name="SiteLoadTest" time="9.736"/>
  <testcase classname="FirstAutomationTest" name="SearchPlayerAccountTest" time="12.338"/>
  <testcase classname="FirstAutomationTest" name="LoadBuildsTabTest" time="3.138"/>
  <testcase classname="FirstAutomationTest" name="ImageSourceTest" time="3.031"/>
  <testcase classname="FirstAutomationTest" name="WrongSteamCredentialsLoginTest" time="32.51"/>
</testsuite> <!-- My First Selenium TestNG Test -->
